FHIR IG Publisher Version 2.0.8 (Git# e7d965b03a28). Built 2025-06-27T22:18:09.321Z (12 days old)
Detected Java version: 17.0.7 from c:\work\jdk-17.0.7 on amd64 (64bit). 4096MB available
dir = C:\work\release\webroot, path = C:\Python313\Scripts\;C:\Python313\;C:\Ruby32-x64\bin;C:\WINDOWS\system32;C:\WINDOWS;C:\WINDOWS\System32\Wbem;C:\WINDOWS\System32\WindowsPowerShell\v1.0\;C:\WINDOWS\System32\OpenSSH\;C:\Recovery\OEM\Backup\;c:\work\jdk-17.0.7\bin;C:\ProgramData\chocolatey\bin;C:\Program Files\VSCodium\bin;C:\Program Files\Git\cmd;C:\Program Files\maven\bin;C:\Program Files\Meld\;C:\WINDOWS\system32;C:\WINDOWS;C:\WINDOWS\System32\Wbem;C:\WINDOWS\System32\WindowsPowerShell\v1.0\;C:\WINDOWS\System32\OpenSSH\;C:\Users\Jose\AppData\Local\nvm;C:\nvm4w\nodejs;C:\Program Files\Docker\Docker\resources\bin;C:\Program Files\Go\bin;C:\Program Files\Git LFS;C:\Users\Jose\AppData\Local\Microsoft\WindowsApps;C:\Users\Jose\AppData\Local\GitHubDesktop\bin;C:\Users\Jose\AppData\Roaming\npm;C:\Program Files\7-Zip;C:\Users\Jose\AppData\Local\nvm;C:\nvm4w\nodejs;C:\Users\Jose\AppData\Local\Programs\Microsoft VS Code\bin;C:\Users\Jose\go\bin
Parameters: -go-publish -package-cache-folder C:\work\release\fhir-package-cache -source C:\work\release\source -web C:\work\release\webroot -temp C:\work\release\temp -registry C:\work\release\ig-registry\fhir-ig-list.json -history C:\work\release\history-template -templates C:\work\release\webroot\templates
---------------
Publication Run: publish C:\work\release\source to C:\work\release\webroot
Relative directory for IG is '\anc'
===== Web Publication Run Details ===============================
 Source IG: smart.who.int.anc#0.3.0 : http://smart.who.int/anc (R4) from C:\work\release\source
All checks passed. Do the publication build from C:\work\release\source and publish to C:\work\release\temp\web-root\run-20250710\anc
Prepare Build space in C:\work\release\temp\ig-builds\smart.who.int.anc#0.3.0
Build IG at C:\work\release\source: final copy suitable for publication (in C:\work\release\temp\ig-builds\smart.who.int.anc#0.3.0)
FHIR IG Publisher Version 2.0.8 (Git# e7d965b03a28). Built 2025-06-27T22:18:09.321Z (12 days old)   
Detected Java version: 17.0.7 from c:\work\jdk-17.0.7 on Windows 11/amd64 (64bit). 4096MB available 
dir = C:\work\release\webroot, path = C:\Python313\Scripts\;C:\Python313\;C:\Ruby32-x64\bin;C:\WINDOWS\system32;C:\WINDOWS;C:\WINDOWS\System32\Wbem;C:\WINDOWS\System32\WindowsPowerShell\v1.0\;C:\WINDOWS\System32\OpenSSH\;C:\Recovery\OEM\Backup\;c:\work\jdk-17.0.7\bin;C:\ProgramData\chocolatey\bin;C:\Program Files\VSCodium\bin;C:\Program Files\Git\cmd;C:\Program Files\maven\bin;C:\Program Files\Meld\;C:\WINDOWS\system32;C:\WINDOWS;C:\WINDOWS\System32\Wbem;C:\WINDOWS\System32\WindowsPowerShell\v1.0\;C:\WINDOWS\System32\OpenSSH\;C:\Users\Jose\AppData\Local\nvm;C:\nvm4w\nodejs;C:\Program Files\Docker\Docker\resources\bin;C:\Program Files\Go\bin;C:\Program Files\Git LFS;C:\Users\Jose\AppData\Local\Microsoft\WindowsApps;C:\Users\Jose\AppData\Local\GitHubDesktop\bin;C:\Users\Jose\AppData\Roaming\npm;C:\Program Files\7-Zip;C:\Users\Jose\AppData\Local\nvm;C:\nvm4w\nodejs;C:\Users\Jose\AppData\Local\Programs\Microsoft VS Code\bin;C:\Users\Jose\go\bin
Parameters: -ig C:\work\release\temp\ig-builds\smart.who.int.anc#0.3.0 -resetTx -publish http://smart.who.int/anc/v0.3.0 -no-exit
Character encoding = UTF-8 / UTF-8                                                                  
Start Clock @ quinta-feira, 10 de julho de 2025 às 11:54:36 Hora de verão da Europa Central (2025-07-10T11:54:36+02:00)
                                                                                                    
Build FHIR IG from C:\work\release\temp\ig-builds\smart.who.int.anc#0.3.0                            (00:00.019 / 00:00.019, 465Mb)
Build Formal Publication package, intended for http://smart.who.int/anc/v0.3.0                       (00:00.002 / 00:00.022, 465Mb)
API keys loaded from C:\Users\Jose\.fhir\fhir-settings.json                                          (00:00.001 / 00:00.023, 465Mb)
Package Cache: C:\Users\Jose\.fhir\packages                                                          (00:00.002 / 00:00.026, 465Mb)
Load Template from who.template.root#current                                                         (00:00.690 / 00:00.717, 150Mb)
 Load Template from fhir.base.template#current                                                       (00:01.953 / 00:02.671, 150Mb)
Root directory: C:\work\release\temp\ig-builds\smart.who.int.anc#0.3.0                               (00:02.481 / 00:05.153, 215Mb)
Terminology Cache is at C:\work\release\temp\ig-builds\smart.who.int.anc#0.3.0\input-cache\txcache. Clearing now (00:25.237 / 00:30.390, 186Mb)
Core Package hl7.fhir.r4.core#4.0.1
Signing Certificate: RSA key for Subject: OU=IG Publisher, L=Ann Arbor, CN=hl7.org, O=HL7, ST=Missouri, C=us from: OU=IG Publisher, L=Ann Arbor, CN=hl7.org, O=HL7, ST=Missouri, C=us
Running Terminology Log: C:\Users\Jose\AppData\Local\Temp\ohfu-fhir-ig-17948767273331255792.html
Connect to Terminology Server at http://tx.fhir.org                                                  (00:02.944 / 00:33.334, 401Mb)
[39mLoad Package hl7.fhir.pubpack#0.2.3
[0;39m[39mLoad Package hl7.fhir.xver-extensions#0.1.0
[0;39m[39mLoad Package hl7.terminology.r4#6.5.0
[0;39m[39mLoad Package hl7.fhir.uv.extensions.r4#5.2.0
[0;39m[39mLoad Package hl7.fhir.uv.cpg#1.0.0
[0;39m[39mLoad Package hl7.terminology.r4#6.0.2
[0;39m[39mLoad Package hl7.fhir.uv.extensions.r4#5.1.0
[0;39m[39mLoad Package hl7.fhir.uv.extensions.r4#1.0.0
[0;39m[39mLoad Package hl7.terminology#5.5.0
[0;39m[39mLoad Package hl7.fhir.uv.crmi#1.0.0
[0;39m[39mLoad Package hl7.fhir.uv.cql#1.0.0
[0;39m[39mLoad Package hl7.fhir.us.cqfmeasures#5.0.0
[0;39m[39mLoad Package hl7.fhir.uv.tools.r4#0.5.0
[0;39mLoad R5 Specials
Initialization complete                                                                              (00:14.847 / 00:48.182, 896Mb)
Load IG                                                                                              (00:00.001 / 00:48.183, 896Mb)
Load Content                                                                                         (00:00.001 / 00:48.185, 896Mb)
Using en-US as the default narrative language. (no language information in Implementation Guide)     (00:00.074 / 00:48.259, 905Mb)
Process Loaded Resources                                                                             (00:13.831 / 01:02.091, 1016Mb)
Generating Snapshots                                                                                 (00:06.722 / 01:08.813, 1Gb)
loadPrePages from FetchedFile[C:\work\release\temp\ig-builds\smart.who.int.anc#0.3.0\input\includes] as C:\work\release\temp\ig-builds\smart.who.int.anc#0.3.0\input\includes
loadPrePages from FetchedFile[C:\work\release\temp\ig-builds\smart.who.int.anc#0.3.0\input\pagecontent] as C:\work\release\temp\ig-builds\smart.who.int.anc#0.3.0\input\pagecontent
loadPrePages from FetchedFile[C:\work\release\temp\ig-builds\smart.who.int.anc#0.3.0\input\pagecontent\assets] as C:\work\release\temp\ig-builds\smart.who.int.anc#0.3.0\input\pagecontent
loadPrePages from FetchedFile[C:\work\release\temp\ig-builds\smart.who.int.anc#0.3.0\input\pagecontent\assets\images] as C:\work\release\temp\ig-builds\smart.who.int.anc#0.3.0\input\pagecontent
Fetch http://smart.who.int/anc/package-list.json for version check                                   (00:06.061 / 01:14.874, 2Gb)
Processing Conformance Resources                                                                     (00:00.292 / 01:15.166, 1Gb)
Checking Language                                                                                    (00:00.000 / 01:15.167, 1Gb)
Load Dependency Info                                                                                 (00:00.012 / 01:15.180, 1Gb)
Load Info                                                                                            (00:00.003 / 01:15.184, 1Gb)
Load Paths                                                                                           (00:00.003 / 01:15.187, 1Gb)
Check R4 / R4B                                                                                       (00:00.002 / 01:15.189, 1Gb)
Assign Comparison Ids                                                                                (00:00.139 / 01:15.329, 1Gb)
Propagating status                                                                                   (00:00.001 / 01:15.330, 1Gb)
Generating Narratives                                                                                (00:00.000 / 01:15.331, 1Gb)
Validating Conformance Resources                                                                     (00:47.459 / 02:02.791, 2Gb)
Check profiles & code systems                                                                        (01:59.477 / 04:02.268, 2Gb)
Check realm rules                                                                                    (00:00.019 / 04:02.288, 2Gb)
Previous Version Comparison                                                                          (00:00.002 / 04:02.290, 2Gb)
Validating Resources                                                                                 (00:00.151 / 04:02.441, 2Gb)
Processing Provenance Records                                                                        (03:37.150 / 07:39.591, 3Gb)
Checking for Bundles to sign                                                                         (00:00.002 / 07:39.593, 3Gb)
Generating Outputs in C:\work\release\temp\ig-builds\smart.who.int.anc#0.3.0\output                  (00:00.001 / 07:39.595, 3Gb)
Generate Native Outputs                                                                              (00:00.809 / 07:40.404, 3Gb)
Run Template                                                                                         (02:41.881 / 10:22.285, 3Gb)
Generate HTML Outputs                                                                                (00:03.362 / 10:25.648, 3Gb)
XSLT Error:  Error reported by XML parser: Invalid byte 1 of 1-byte UTF-8 sequence.
Exception generating xslt page C:\work\release\temp\ig-builds\smart.who.int.anc#0.3.0\temp\pages\_includes\assets\images\dak-to-cpg.jpg for _includes\assets\images\dak-to-cpg.jpg in C:\work\release\temp\ig-builds\smart.who.int.anc#0.3.0\temp\pages: org.xml.sax.SAXParseException; lineNumber: 1; columnNumber: 1; Invalid byte 1 of 1-byte UTF-8 sequence. (07:50.662 / 18:16.311, 3Gb)
XSLT Error:  Error reported by XML parser: Invalid byte 1 of 1-byte UTF-8 sequence.
Exception generating xslt page C:\work\release\temp\ig-builds\smart.who.int.anc#0.3.0\temp\pages\_includes\assets\images\data-element-processing.jpg for _includes\assets\images\data-element-processing.jpg in C:\work\release\temp\ig-builds\smart.who.int.anc#0.3.0\temp\pages: org.xml.sax.SAXParseException; lineNumber: 1; columnNumber: 1; Invalid byte 1 of 1-byte UTF-8 sequence. (00:00.035 / 18:16.346, 3Gb)
XSLT Error:  Error reported by XML parser: Invalid byte 1 of 1-byte UTF-8 sequence.
Exception generating xslt page C:\work\release\temp\ig-builds\smart.who.int.anc#0.3.0\temp\pages\_includes\assets\images\decision-table-processing.jpg for _includes\assets\images\decision-table-processing.jpg in C:\work\release\temp\ig-builds\smart.who.int.anc#0.3.0\temp\pages: org.xml.sax.SAXParseException; lineNumber: 1; columnNumber: 1; Invalid byte 1 of 1-byte UTF-8 sequence. (00:00.024 / 18:16.371, 3Gb)
XSLT Error:  Error reported by XML parser: Invalid byte 1 of 1-byte UTF-8 sequence.
Exception generating xslt page C:\work\release\temp\ig-builds\smart.who.int.anc#0.3.0\temp\pages\_includes\assets\images\test-case-processing.jpg for _includes\assets\images\test-case-processing.jpg in C:\work\release\temp\ig-builds\smart.who.int.anc#0.3.0\temp\pages: org.xml.sax.SAXParseException; lineNumber: 1; columnNumber: 1; Invalid byte 1 of 1-byte UTF-8 sequence. (00:00.078 / 18:16.449, 3Gb)
Generate Spreadsheets                                                                                (00:00.053 / 18:16.503, 3Gb)
Generate Summaries                                                                                   (00:36.535 / 18:53.038, 3Gb)
Generating Summary Outputs                                                                           (00:00.001 / 18:53.039, 3Gb)
Table of contents has a section with more than 222 entries.  Collapsing will not work reliably
DB Cumulative Time invested: 00:00:13.556
Sending Usage Stats to Server                                                                        (00:49.693 / 19:42.733, 3Gb)
## Memory (MB): Use = 3541, Free = 554, Total = 4096, Max = 4096                                     (00:00.008 / 19:42.741, 3Gb)
Reclaiming memory...                                                                                 (00:00.001 / 19:42.742, 3Gb)
## Memory (MB): Use = 3255, Free = 840, Total = 4096, Max = 4096                                     (00:00.766 / 19:43.509, 3Gb)
Run jekyll: jekyll build --destination "C:\work\release\temp\ig-builds\smart.who.int.anc#0.3.0\output" (in folder C:\work\release\temp\ig-builds\smart.who.int.anc#0.3.0\temp\pages) (00:00.010 / 19:43.519, 3Gb)
Due to a known issue, Jekyll errors are lost between Java and Ruby in windows systems.               (00:00.003 / 19:43.522, 3Gb)
If the build process hangs at this point, you have to go to a                                        (00:00.000 / 19:43.523, 3Gb)
command prompt, and then run these two commands:                                                     (00:00.001 / 19:43.524, 3Gb)
                                                                                                     (00:00.001 / 19:43.525, 3Gb)
cd C:\work\release\temp\ig-builds\smart.who.int.anc#0.3.0\temp\pages                                 (00:00.001 / 19:43.526, 3Gb)
jekyll build --destination "C:\work\release\temp\ig-builds\smart.who.int.anc#0.3.0\output"           (00:00.000 / 19:43.527, 3Gb)
                                                                                                     (00:00.001 / 19:43.528, 3Gb)
and then investigate why Jekyll has failed                                                           (00:00.000 / 19:43.529, 3Gb)
Troubleshooting Note: usual cases for Jekyll to fail are:                                            (00:00.000 / 19:43.529, 3Gb)
* A failure to produce a fragment that is already logged in the output above                         (00:00.000 / 19:43.530, 3Gb)
* A reference to a manually edited file that hasn't been provided                                    (00:00.000 / 19:43.531, 3Gb)
Jekyll: Source: C:/work/release/temp/ig-builds/smart.who.int.anc#0.3.0/temp/pages                    (00:01.939 / 19:45.470, 3Gb)
Jekyll: Generating...                                                                                (00:00.000 / 19:45.471, 3Gb)
Sending usage stats failed: Connection timed out: connect
Jekyll: done in 51.436 seconds.                                                                      (00:51.435 / 20:36.906, 3Gb)
[39m
[0;39m[39mInstalling smart.who.int.anc#0.3.0
[0;39mChecking Output HTML                                                                                 (00:25.196 / 21:02.103, 3Gb)
found 16191 files                                                                                    (00:00.253 / 21:02.357, 3Gb)
........................................
........................................
  ... 16191 html files, 0 pages invalid xhtml (0%)                                                   (03:05.162 / 24:07.519, 3Gb)
  ... 5297256 links, 735 broken links (0%)                                                           (00:00.000 / 24:07.520, 3Gb)
Generate fragment-usage-analysis.csv                                                                 (00:00.000 / 24:07.521, 3Gb)
Build final .zip                                                                                     (00:00.006 / 24:07.528, 3Gb)
Final .zip built                                                                                     (00:29.700 / 24:37.228, 3Gb)
Built. Times: loading: 00:26.981, generate: 23:40.953, narrative generation: 00:47.457, realm-rules: 00:00.002, previous-version: 00:00.001, jekyll: 00:53.677, validation: 05:35.304 (#1434), template: 00:03.372 (#3) (00:18.891 / 24:56.120, 3Gb)
Generating QA                                                                                        (00:00.001 / 24:56.122, 3Gb)
Validation output in C:\work\release\temp\ig-builds\smart.who.int.anc#0.3.0\output\qa.html
Errors: 4427, Warnings: 1744, Info: 1683, Broken Links: 735 (00:01.924 / 24:58.046, 3Gb)
Finished @ 7/10/25, 12:19 PM. Max Memory Used = 3Gb. Log file saved in c:\temp\fhir-ig-publisher-tmp.log (00:00.204 / 24:58.250, 3Gb)
Prepare Build space in C:\work\release\temp\ig-builds\smart.who.int.anc#0.3.0-milestone
Build IG at C:\work\release\source: final copy suitable for publication (in C:\work\release\temp\ig-builds\smart.who.int.anc#0.3.0-milestone) (milestone build)
FHIR IG Publisher Version 2.0.8 (Git# e7d965b03a28). Built 2025-06-27T22:18:09.321Z (12 days old)   
Detected Java version: 17.0.7 from c:\work\jdk-17.0.7 on Windows 11/amd64 (64bit). 4096MB available 
dir = C:\work\release\webroot, path = C:\Python313\Scripts\;C:\Python313\;C:\Ruby32-x64\bin;C:\WINDOWS\system32;C:\WINDOWS;C:\WINDOWS\System32\Wbem;C:\WINDOWS\System32\WindowsPowerShell\v1.0\;C:\WINDOWS\System32\OpenSSH\;C:\Recovery\OEM\Backup\;c:\work\jdk-17.0.7\bin;C:\ProgramData\chocolatey\bin;C:\Program Files\VSCodium\bin;C:\Program Files\Git\cmd;C:\Program Files\maven\bin;C:\Program Files\Meld\;C:\WINDOWS\system32;C:\WINDOWS;C:\WINDOWS\System32\Wbem;C:\WINDOWS\System32\WindowsPowerShell\v1.0\;C:\WINDOWS\System32\OpenSSH\;C:\Users\Jose\AppData\Local\nvm;C:\nvm4w\nodejs;C:\Program Files\Docker\Docker\resources\bin;C:\Program Files\Go\bin;C:\Program Files\Git LFS;C:\Users\Jose\AppData\Local\Microsoft\WindowsApps;C:\Users\Jose\AppData\Local\GitHubDesktop\bin;C:\Users\Jose\AppData\Roaming\npm;C:\Program Files\7-Zip;C:\Users\Jose\AppData\Local\nvm;C:\nvm4w\nodejs;C:\Users\Jose\AppData\Local\Programs\Microsoft VS Code\bin;C:\Users\Jose\go\bin
Parameters: -ig C:\work\release\temp\ig-builds\smart.who.int.anc#0.3.0-milestone -publish http://smart.who.int/anc/v0.3.0 -milestone -no-exit
Character encoding = UTF-8 / UTF-8                                                                  
Start Clock @ quinta-feira, 10 de julho de 2025 às 12:22:41 Hora de verão da Europa Central (2025-07-10T12:22:41+02:00)
                                                                                                    
Build FHIR IG from C:\work\release\temp\ig-builds\smart.who.int.anc#0.3.0-milestone                  (00:00.007 / 00:00.007, 3Gb)
Build Formal Publication package, intended for http://smart.who.int/anc/v0.3.0                       (00:00.000 / 00:00.008, 3Gb)
API keys loaded from C:\Users\Jose\.fhir\fhir-settings.json                                          (00:00.001 / 00:00.009, 3Gb)
Package Cache: C:\Users\Jose\.fhir\packages                                                          (00:00.000 / 00:00.010, 3Gb)
Load Template from who.template.root#current                                                         (00:00.096 / 00:00.106, 3Gb)
 Load Template from fhir.base.template#current                                                       (00:01.534 / 00:01.640, 1Gb)
Root directory: C:\work\release\temp\ig-builds\smart.who.int.anc#0.3.0-milestone                     (00:01.764 / 00:03.405, 1Gb)
Terminology Cache is at C:\work\release\temp\ig-builds\smart.who.int.anc#0.3.0-milestone\input-cache\txcache. 14 files in cache (00:27.976 / 00:31.382, 1Gb)
Core Package hl7.fhir.r4.core#4.0.1
Signing Certificate: RSA key for Subject: OU=IG Publisher, L=Ann Arbor, CN=hl7.org, O=HL7, ST=Missouri, C=us from: OU=IG Publisher, L=Ann Arbor, CN=hl7.org, O=HL7, ST=Missouri, C=us
Running Terminology Log: C:\Users\Jose\AppData\Local\Temp\ohfu-fhir-ig-2843374450520185413.html
Connect to Terminology Server at http://tx.fhir.org                                                  (00:00.986 / 00:32.368, 1Gb)
[39mLoad Package hl7.fhir.pubpack#0.2.3
[0;39m[39mLoad Package hl7.fhir.xver-extensions#0.1.0
[0;39m[39mLoad Package hl7.terminology.r4#6.5.0
[0;39m[39mLoad Package hl7.fhir.uv.extensions.r4#5.2.0
[0;39m[39mLoad Package hl7.fhir.uv.cpg#1.0.0
[0;39m[39mLoad Package hl7.terminology.r4#6.0.2
[0;39m[39mLoad Package hl7.fhir.uv.extensions.r4#5.1.0
[0;39m[39mLoad Package hl7.fhir.uv.extensions.r4#1.0.0
[0;39m[39mLoad Package hl7.terminology#5.5.0
[0;39m[39mLoad Package hl7.fhir.uv.crmi#1.0.0
[0;39m[39mLoad Package hl7.fhir.uv.cql#1.0.0
[0;39m[39mLoad Package hl7.fhir.us.cqfmeasures#5.0.0
[0;39m[39mLoad Package hl7.fhir.uv.tools.r4#0.5.0
[0;39mLoad R5 Specials
Initialization complete                                                                              (00:07.697 / 00:40.066, 2Gb)
Load IG                                                                                              (00:00.001 / 00:40.067, 2Gb)
Load Content                                                                                         (00:00.001 / 00:40.068, 2Gb)
Using en-US as the default narrative language. (no language information in Implementation Guide)     (00:00.009 / 00:40.078, 2Gb)
Process Loaded Resources                                                                             (00:13.657 / 00:53.735, 1Gb)
Generating Snapshots                                                                                 (00:06.491 / 01:00.226, 1Gb)
loadPrePages from FetchedFile[C:\work\release\temp\ig-builds\smart.who.int.anc#0.3.0-milestone\input\includes] as C:\work\release\temp\ig-builds\smart.who.int.anc#0.3.0-milestone\input\includes
loadPrePages from FetchedFile[C:\work\release\temp\ig-builds\smart.who.int.anc#0.3.0-milestone\input\pagecontent] as C:\work\release\temp\ig-builds\smart.who.int.anc#0.3.0-milestone\input\pagecontent
loadPrePages from FetchedFile[C:\work\release\temp\ig-builds\smart.who.int.anc#0.3.0-milestone\input\pagecontent\assets] as C:\work\release\temp\ig-builds\smart.who.int.anc#0.3.0-milestone\input\pagecontent
loadPrePages from FetchedFile[C:\work\release\temp\ig-builds\smart.who.int.anc#0.3.0-milestone\input\pagecontent\assets\images] as C:\work\release\temp\ig-builds\smart.who.int.anc#0.3.0-milestone\input\pagecontent
Fetch http://smart.who.int/anc/package-list.json for version check                                   (00:04.590 / 01:04.817, 1Gb)
Processing Conformance Resources                                                                     (00:00.245 / 01:05.063, 1Gb)
Checking Language                                                                                    (00:00.000 / 01:05.063, 1Gb)
Load Dependency Info                                                                                 (00:00.007 / 01:05.071, 1Gb)
Load Info                                                                                            (00:00.003 / 01:05.074, 1Gb)
Load Paths                                                                                           (00:00.003 / 01:05.077, 1Gb)
Check R4 / R4B                                                                                       (00:00.001 / 01:05.079, 1Gb)
Assign Comparison Ids                                                                                (00:00.097 / 01:05.176, 2Gb)
Propagating status                                                                                   (00:00.001 / 01:05.178, 2Gb)
Generating Narratives                                                                                (00:00.000 / 01:05.178, 2Gb)
Validating Conformance Resources                                                                     (00:15.679 / 01:20.858, 2Gb)
Check profiles & code systems                                                                        (01:51.087 / 03:11.945, 3Gb)
Check realm rules                                                                                    (00:00.014 / 03:11.960, 3Gb)
Previous Version Comparison                                                                          (00:00.001 / 03:11.962, 3Gb)
Validating Resources                                                                                 (00:00.116 / 03:12.078, 3Gb)
Processing Provenance Records                                                                        (00:21.025 / 03:33.103, 3Gb)
Checking for Bundles to sign                                                                         (00:00.001 / 03:33.105, 3Gb)
Generating Outputs in C:\work\release\temp\ig-builds\smart.who.int.anc#0.3.0-milestone\output        (00:00.001 / 03:33.107, 3Gb)
Generate Native Outputs                                                                              (00:00.771 / 03:33.878, 2Gb)
Run Template                                                                                         (02:44.577 / 06:18.456, 3Gb)
Generate HTML Outputs                                                                                (00:17.160 / 06:35.616, 3Gb)
XSLT Error:  Error reported by XML parser: Invalid byte 1 of 1-byte UTF-8 sequence.
Exception generating xslt page C:\work\release\temp\ig-builds\smart.who.int.anc#0.3.0-milestone\temp\pages\_includes\assets\images\dak-to-cpg.jpg for _includes\assets\images\dak-to-cpg.jpg in C:\work\release\temp\ig-builds\smart.who.int.anc#0.3.0-milestone\temp\pages: org.xml.sax.SAXParseException; lineNumber: 1; columnNumber: 1; Invalid byte 1 of 1-byte UTF-8 sequence. (07:37.630 / 14:13.247, 3Gb)
XSLT Error:  Error reported by XML parser: Invalid byte 1 of 1-byte UTF-8 sequence.
Exception generating xslt page C:\work\release\temp\ig-builds\smart.who.int.anc#0.3.0-milestone\temp\pages\_includes\assets\images\data-element-processing.jpg for _includes\assets\images\data-element-processing.jpg in C:\work\release\temp\ig-builds\smart.who.int.anc#0.3.0-milestone\temp\pages: org.xml.sax.SAXParseException; lineNumber: 1; columnNumber: 1; Invalid byte 1 of 1-byte UTF-8 sequence. (00:00.008 / 14:13.255, 3Gb)
XSLT Error:  Error reported by XML parser: Invalid byte 1 of 1-byte UTF-8 sequence.
Exception generating xslt page C:\work\release\temp\ig-builds\smart.who.int.anc#0.3.0-milestone\temp\pages\_includes\assets\images\decision-table-processing.jpg for _includes\assets\images\decision-table-processing.jpg in C:\work\release\temp\ig-builds\smart.who.int.anc#0.3.0-milestone\temp\pages: org.xml.sax.SAXParseException; lineNumber: 1; columnNumber: 1; Invalid byte 1 of 1-byte UTF-8 sequence. (00:00.008 / 14:13.264, 3Gb)
XSLT Error:  Error reported by XML parser: Invalid byte 1 of 1-byte UTF-8 sequence.
Exception generating xslt page C:\work\release\temp\ig-builds\smart.who.int.anc#0.3.0-milestone\temp\pages\_includes\assets\images\test-case-processing.jpg for _includes\assets\images\test-case-processing.jpg in C:\work\release\temp\ig-builds\smart.who.int.anc#0.3.0-milestone\temp\pages: org.xml.sax.SAXParseException; lineNumber: 1; columnNumber: 1; Invalid byte 1 of 1-byte UTF-8 sequence. (00:00.043 / 14:13.307, 3Gb)
Generate Spreadsheets                                                                                (00:00.029 / 14:13.337, 3Gb)
Generate Summaries                                                                                   (00:34.680 / 14:48.017, 3Gb)
Generating Summary Outputs                                                                           (00:00.000 / 14:48.018, 3Gb)
Table of contents has a section with more than 222 entries.  Collapsing will not work reliably
DB Cumulative Time invested: 00:00:13.944
Sending Usage Stats to Server                                                                        (00:41.722 / 15:29.741, 3Gb)
## Memory (MB): Use = 3684, Free = 411, Total = 4096, Max = 4096                                     (00:00.006 / 15:29.747, 3Gb)
Reclaiming memory...                                                                                 (00:00.000 / 15:29.748, 3Gb)
## Memory (MB): Use = 3257, Free = 838, Total = 4096, Max = 4096                                     (00:00.809 / 15:30.557, 3Gb)
Run jekyll: jekyll build --destination "C:\work\release\temp\ig-builds\smart.who.int.anc#0.3.0-milestone\output" (in folder C:\work\release\temp\ig-builds\smart.who.int.anc#0.3.0-milestone\temp\pages) (00:00.007 / 15:30.565, 3Gb)
Due to a known issue, Jekyll errors are lost between Java and Ruby in windows systems.               (00:00.000 / 15:30.566, 3Gb)
If the build process hangs at this point, you have to go to a                                        (00:00.001 / 15:30.567, 3Gb)
command prompt, and then run these two commands:                                                     (00:00.000 / 15:30.567, 3Gb)
                                                                                                     (00:00.000 / 15:30.568, 3Gb)
cd C:\work\release\temp\ig-builds\smart.who.int.anc#0.3.0-milestone\temp\pages                       (00:00.000 / 15:30.569, 3Gb)
jekyll build --destination "C:\work\release\temp\ig-builds\smart.who.int.anc#0.3.0-milestone\output" (00:00.000 / 15:30.569, 3Gb)
                                                                                                     (00:00.000 / 15:30.570, 3Gb)
and then investigate why Jekyll has failed                                                           (00:00.000 / 15:30.570, 3Gb)
Troubleshooting Note: usual cases for Jekyll to fail are:                                            (00:00.000 / 15:30.571, 3Gb)
* A failure to produce a fragment that is already logged in the output above                         (00:00.001 / 15:30.572, 3Gb)
* A reference to a manually edited file that hasn't been provided                                    (00:00.000 / 15:30.573, 3Gb)
Jekyll: Source: C:/work/release/temp/ig-builds/smart.who.int.anc#0.3.0-milestone/temp/pages          (00:02.037 / 15:32.610, 3Gb)
Jekyll: Generating...                                                                                (00:00.001 / 15:32.611, 3Gb)
Sending usage stats failed: Connection timed out: connect
Jekyll: done in 49.157 seconds.                                                                      (00:49.153 / 16:21.765, 3Gb)
[39m
[0;39m[39mInstalling smart.who.int.anc#0.3.0
[0;39mChecking Output HTML                                                                                 (00:22.195 / 16:43.961, 3Gb)
found 16191 files                                                                                    (00:00.204 / 16:44.165, 3Gb)
........................................
........................................
  ... 16191 html files, 0 pages invalid xhtml (0%)                                                   (03:01.331 / 19:45.496, 3Gb)
  ... 5297256 links, 735 broken links (0%)                                                           (00:00.000 / 19:45.497, 3Gb)
Generate fragment-usage-analysis.csv                                                                 (00:00.000 / 19:45.498, 3Gb)
Build final .zip                                                                                     (00:00.004 / 19:45.502, 3Gb)
Final .zip built                                                                                     (00:29.023 / 20:14.526, 3Gb)
Built. Times: loading: 00:24.994, generate: 19:26.484, narrative generation: 00:15.677, realm-rules: 00:00.001, previous-version: 00:00.000, jekyll: 00:51.550, validation: 02:11.033 (#1434), template: 00:17.169 (#3) (00:17.020 / 20:31.547, 3Gb)
Generating QA                                                                                        (00:00.001 / 20:31.549, 3Gb)
Validation output in C:\work\release\temp\ig-builds\smart.who.int.anc#0.3.0-milestone\output\qa.html
Errors: 4427, Warnings: 1744, Info: 1683, Broken Links: 735 (00:01.109 / 20:32.658, 3Gb)
Finished @ 7/10/25, 12:43 PM. Max Memory Used = 3Gb. Log file saved in c:\temp\fhir-ig-publisher-tmp.log (00:00.083 / 20:32.742, 3Gb)
Keep a copy of the build directory at C:\work\release\temp\web-root\run-20250710\ig-build-zips\smart.who.int.anc#0.3.0.zip

ok. All checks passed. Publish v0.3.0 to C:\work\release\temp\web-root\run-20250710\anc\v0.3.0
Copy the IG to C:\work\release\temp\web-root\run-20250710\anc\v0.3.0
Update C:\work\release\temp\web-root\run-20250710\anc\package-list.json
Publish Box Statement: This page is part of the WHO SMART Guidelines - ANC (v0.3.0: Release) based on <a data-no-external="true" href="http://hl7.org/fhir/R4">FHIR (HL7® FHIR® Standard) R4</a>. This is the current published version in its permanent home (it will always be available at this URL).  For a full list of available versions, see the <a data-no-external="true" href="http://smart.who.int/anc/history.html">Directory of published versions</a>
  .. 9480 files checked, 9480 updated
  .. 2871 clones checked, 5740 updated
  .. 1434 redirections (1434 created/updated)
This is a milestone release - publish v0.3.0 to C:\work\release\temp\web-root\run-20250710\anc
Publish Box Statement: This page is part of the WHO SMART Guidelines - ANC (v0.3.0: Release) based on <a data-no-external="true" href="http://hl7.org/fhir/R4">FHIR (HL7® FHIR® Standard) R4</a>. This is the current published version.  For a full list of available versions, see the <a data-no-external="true" href="http://smart.who.int/anc/history.html">Directory of published versions</a>
  .. 9480 files checked, 9480 updated
  .. 2871 clones checked, 5740 updated
  .. 1434 redirections (1434 created/updated)
Check for Files to delete
  ... 0 files
Copy to new IG C:\work\release\temp\web-root\run-20250710\anc
[Fatal Error] :1:1: Content is not allowed in prolog.
Unable to process RSS feed C:\work\release\temp\web-root\run-20250710\publication-feed.xml as XML - processing as text instead (Content is not allowed in prolog.)
smart.who.int.anc (http://smart.who.int/anc): WHO SMART Guidelines - ANC @ http://worldhealthorganization.github.io/smart-anc
  release: Releases 0.3.0/4.0.1 @ http://smart.who.int/anc/v0.3.0
Build is complete. Copy from C:\work\release\temp\web-root\run-20250710
Update history page at C:\work\release\temp\web-root\run-20250710\anc from C:\work\release\history-template and C:\work\release\webroot\templates
