FHIR IG Publisher Version 2.0.8 (Git# e7d965b03a28). Built 2025-06-27T22:18:09.321Z (12 days old)
Detected Java version: 17.0.7 from c:\work\jdk-17.0.7 on amd64 (64bit). 4096MB available
dir = C:\work\release\webroot, path = C:\Python313\Scripts\;C:\Python313\;C:\Ruby32-x64\bin;C:\WINDOWS\system32;C:\WINDOWS;C:\WINDOWS\System32\Wbem;C:\WINDOWS\System32\WindowsPowerShell\v1.0\;C:\WINDOWS\System32\OpenSSH\;C:\Recovery\OEM\Backup\;c:\work\jdk-17.0.7\bin;C:\ProgramData\chocolatey\bin;C:\Program Files\VSCodium\bin;C:\Program Files\Git\cmd;C:\Program Files\maven\bin;C:\Program Files\Meld\;C:\WINDOWS\system32;C:\WINDOWS;C:\WINDOWS\System32\Wbem;C:\WINDOWS\System32\WindowsPowerShell\v1.0\;C:\WINDOWS\System32\OpenSSH\;C:\Users\Jose\AppData\Local\nvm;C:\nvm4w\nodejs;C:\Program Files\Docker\Docker\resources\bin;C:\Program Files\Go\bin;C:\Program Files\Git LFS;C:\Users\Jose\AppData\Local\Microsoft\WindowsApps;C:\Users\Jose\AppData\Local\GitHubDesktop\bin;C:\Users\Jose\AppData\Roaming\npm;C:\Program Files\7-Zip;C:\Users\Jose\AppData\Local\nvm;C:\nvm4w\nodejs;C:\Users\Jose\AppData\Local\Programs\Microsoft VS Code\bin;C:\Users\Jose\go\bin
Parameters: -go-publish -package-cache-folder C:\work\release\fhir-package-cache -source C:\work\release\source -web C:\work\release\webroot -temp C:\work\release\temp -registry C:\work\release\ig-registry\fhir-ig-list.json -history C:\work\release\history-template -templates C:\work\release\webroot\templates
---------------
Publication Run: publish C:\work\release\source to C:\work\release\webroot
Relative directory for IG is '\dak-pnc'
===== Web Publication Run Details ===============================
 Source IG: smart.who.int.dak-pnc#0.9.9 : http://smart.who.int/dak-pnc (R4) from C:\work\release\source
All checks passed. Do the publication build from C:\work\release\source and publish to C:\work\release\temp\web-root\run-20250710\dak-pnc
Prepare Build space in C:\work\release\temp\ig-builds\smart.who.int.dak-pnc#0.9.9
Build IG at C:\work\release\source: final copy suitable for publication (in C:\work\release\temp\ig-builds\smart.who.int.dak-pnc#0.9.9)
FHIR IG Publisher Version 2.0.8 (Git# e7d965b03a28). Built 2025-06-27T22:18:09.321Z (12 days old)   
Detected Java version: 17.0.7 from c:\work\jdk-17.0.7 on Windows 11/amd64 (64bit). 4096MB available 
dir = C:\work\release\webroot, path = C:\Python313\Scripts\;C:\Python313\;C:\Ruby32-x64\bin;C:\WINDOWS\system32;C:\WINDOWS;C:\WINDOWS\System32\Wbem;C:\WINDOWS\System32\WindowsPowerShell\v1.0\;C:\WINDOWS\System32\OpenSSH\;C:\Recovery\OEM\Backup\;c:\work\jdk-17.0.7\bin;C:\ProgramData\chocolatey\bin;C:\Program Files\VSCodium\bin;C:\Program Files\Git\cmd;C:\Program Files\maven\bin;C:\Program Files\Meld\;C:\WINDOWS\system32;C:\WINDOWS;C:\WINDOWS\System32\Wbem;C:\WINDOWS\System32\WindowsPowerShell\v1.0\;C:\WINDOWS\System32\OpenSSH\;C:\Users\Jose\AppData\Local\nvm;C:\nvm4w\nodejs;C:\Program Files\Docker\Docker\resources\bin;C:\Program Files\Go\bin;C:\Program Files\Git LFS;C:\Users\Jose\AppData\Local\Microsoft\WindowsApps;C:\Users\Jose\AppData\Local\GitHubDesktop\bin;C:\Users\Jose\AppData\Roaming\npm;C:\Program Files\7-Zip;C:\Users\Jose\AppData\Local\nvm;C:\nvm4w\nodejs;C:\Users\Jose\AppData\Local\Programs\Microsoft VS Code\bin;C:\Users\Jose\go\bin
Parameters: -ig C:\work\release\temp\ig-builds\smart.who.int.dak-pnc#0.9.9 -resetTx -publish http://smart.who.int/dak-pnc/v0.9.9 -no-exit
Character encoding = UTF-8 / UTF-8                                                                  
Start Clock @ quinta-feira, 10 de julho de 2025 às 22:46:55 Hora de verão da Europa Central (2025-07-10T22:46:55+02:00)
                                                                                                    
Build FHIR IG from C:\work\release\temp\ig-builds\smart.who.int.dak-pnc#0.9.9                        (00:00.023 / 00:00.024, 43Mb)
Build Formal Publication package, intended for http://smart.who.int/dak-pnc/v0.9.9                   (00:00.003 / 00:00.027, 43Mb)
API keys loaded from C:\Users\Jose\.fhir\fhir-settings.json                                          (00:00.001 / 00:00.028, 43Mb)
Package Cache: C:\Users\Jose\.fhir\packages                                                          (00:00.003 / 00:00.031, 43Mb)
Run Sushi on C:\work\release\temp\ig-builds\smart.who.int.dak-pnc#0.9.9                              (00:00.010 / 00:00.041, 43Mb)
Sushi: info  Running SUSHI v3.16.3 (implements FHIR Shorthand specification v3.0.0)                  (00:00.815 / 00:00.857, 45Mb)
Sushi: info  Arguments:                                                                              (00:00.001 / 00:00.858, 45Mb)
Sushi: info    --require-latest                                                                      (00:00.000 / 00:00.859, 45Mb)
Sushi: info    --out C:\work\release\temp\ig-builds\smart.who.int.dak-pnc#0.9.9                      (00:00.000 / 00:00.860, 45Mb)
Sushi: info    C:\work\release\temp\ig-builds\smart.who.int.dak-pnc#0.9.9                            (00:00.000 / 00:00.861, 45Mb)
Sushi: info  Using configuration file: C:\work\release\temp\ig-builds\smart.who.int.dak-pnc#0.9.9\sushi-config.yaml (00:00.878 / 00:01.739, 45Mb)
Sushi: info  Importing FSH text...                                                                   (00:00.085 / 00:01.825, 45Mb)
Sushi: info  Preprocessed 3 documents with 15 aliases.                                               (00:00.025 / 00:01.850, 45Mb)
Sushi: info  Imported 0 definitions and 0 instances.                                                 (00:00.001 / 00:01.851, 45Mb)
Sushi: info  Loaded virtual package sushi-r5forR4#1.0.0 with 7 resources                             (00:00.076 / 00:01.928, 45Mb)
Sushi: info  Resolved hl7.fhir.uv.tools.r4#latest to concrete version 0.5.0                          (00:00.414 / 00:02.342, 45Mb)
Sushi: info  Loaded hl7.fhir.uv.tools.r4#0.5.0 with 88 resources                                     (00:00.041 / 00:02.383, 45Mb)
Sushi: info  Resolved hl7.terminology.r4#latest to concrete version 6.5.0                            (00:00.073 / 00:02.457, 45Mb)
Sushi: info  Loaded hl7.terminology.r4#6.5.0 with 4392 resources                                     (00:01.527 / 00:03.984, 45Mb)
Sushi: info  Resolved hl7.fhir.uv.extensions.r4#latest to concrete version 5.2.0                     (00:00.075 / 00:04.059, 45Mb)
Sushi: info  Loaded hl7.fhir.uv.extensions.r4#5.2.0 with 759 resources                               (00:00.281 / 00:04.341, 45Mb)
Sushi: info  Loaded smart.who.int.base#0.1.0 with 17 resources                                       (00:00.013 / 00:04.354, 45Mb)
Sushi: info  Loaded hl7.fhir.r4.core#4.0.1 with 4578 resources                                       (00:01.309 / 00:05.664, 45Mb)
Sushi: info  Found 1 non-JSON / non-XML file(s) in directory: C:\work\release\temp\ig-builds\smart.who.int.dak-pnc#0.9.9\input\examples. Only resource files with JSON or XML extensions are supported. To see the skipped files in the logs, use debug logging. (00:00.007 / 00:05.671, 45Mb)
Sushi: info  Found 1 non-JSON / non-XML file(s) in directory: C:\work\release\temp\ig-builds\smart.who.int.dak-pnc#0.9.9\input\extensions. Only resource files with JSON or XML extensions are supported. To see the skipped files in the logs, use debug logging. (00:00.002 / 00:05.674, 45Mb)
Sushi: info  Found 1 non-JSON / non-XML file(s) in directory: C:\work\release\temp\ig-builds\smart.who.int.dak-pnc#0.9.9\input\models. Only resource files with JSON or XML extensions are supported. To see the skipped files in the logs, use debug logging. (00:00.001 / 00:05.676, 45Mb)
Sushi: info  Found 1 non-JSON / non-XML file(s) in directory: C:\work\release\temp\ig-builds\smart.who.int.dak-pnc#0.9.9\input\profiles. Only resource files with JSON or XML extensions are supported. To see the skipped files in the logs, use debug logging. (00:00.001 / 00:05.677, 45Mb)
Sushi: info  Found 1 non-JSON / non-XML file(s) in directory: C:\work\release\temp\ig-builds\smart.who.int.dak-pnc#0.9.9\input\resources. Only resource files with JSON or XML extensions are supported. To see the skipped files in the logs, use debug logging. (00:00.001 / 00:05.679, 45Mb)
Sushi: info  Found 1 non-JSON / non-XML file(s) in directory: C:\work\release\temp\ig-builds\smart.who.int.dak-pnc#0.9.9\input\vocabulary. Only resource files with JSON or XML extensions are supported. To see the skipped files in the logs, use debug logging. (00:00.001 / 00:05.680, 45Mb)
Sushi: info  Loaded virtual package sushi-local#LOCAL with 0 resources                               (00:00.001 / 00:05.682, 45Mb)
Sushi: info  Converting FSH to FHIR resources...                                                     (00:00.004 / 00:05.687, 45Mb)
Sushi: info  Exporting FHIR resources as JSON...                                                     (00:00.006 / 00:05.693, 45Mb)
Sushi: info  Exported 0 FHIR resources as JSON.                                                      (00:00.001 / 00:05.694, 45Mb)
Sushi: info  Assembling Implementation Guide sources...                                              (00:00.002 / 00:05.696, 45Mb)
Sushi: info  Generated ImplementationGuide-smart.who.int.dak-pnc.json                                (00:00.033 / 00:05.730, 45Mb)
Sushi: info  Assembled Implementation Guide sources; ready for IG Publisher.                         (00:00.001 / 00:05.732, 45Mb)
Sushi: ========================= SUSHI RESULTS ===========================                           (00:00.000 / 00:05.732, 45Mb)
Sushi: |  -------------------------------------------------------------  |                           (00:00.000 / 00:05.733, 45Mb)
Sushi: | |    Profiles   |  Extensions  |   Logicals   |   Resources   | |                           (00:00.000 / 00:05.734, 45Mb)
Sushi: | |-------------------------------------------------------------| |                           (00:00.000 / 00:05.735, 45Mb)
Sushi: | |       0       |      0       |      0       |       0       | |                           (00:00.000 / 00:05.735, 45Mb)
Sushi: |  -------------------------------------------------------------  |                           (00:00.000 / 00:05.736, 45Mb)
Sushi: |  -------------------------------------------------------------  |                           (00:00.001 / 00:05.738, 45Mb)
Sushi: | |      ValueSets     |    CodeSystems    |     Instances      | |                           (00:00.000 / 00:05.738, 45Mb)
Sushi: | |-------------------------------------------------------------| |                           (00:00.001 / 00:05.740, 45Mb)
Sushi: | |         0          |         0         |         0          | |                           (00:00.000 / 00:05.741, 45Mb)
Sushi: |  -------------------------------------------------------------  |                           (00:00.001 / 00:05.742, 45Mb)
Sushi: |                                                                 |                           (00:00.001 / 00:05.744, 45Mb)
Sushi: ===================================================================                           (00:00.001 / 00:05.745, 45Mb)
Sushi: | Ac-clam-ations!                        0 Errors      0 Warnings |                           (00:00.000 / 00:05.746, 45Mb)
Sushi: ===================================================================                           (00:00.000 / 00:05.747, 45Mb)
Unable to load IG as an r5 IG - try R4 (property code is a class com.google.gson.JsonPrimitive looking for an object) (00:00.392 / 00:06.140, 55Mb)
Load Template from who.template.root#current                                                         (00:00.421 / 00:06.562, 36Mb)
 Load Template from fhir.base.template#current                                                       (00:01.890 / 00:08.452, 44Mb)
Root directory: C:\work\release\temp\ig-builds\smart.who.int.dak-pnc#0.9.9                           (00:03.005 / 00:11.457, 232Mb)
Terminology Cache is at C:\work\release\temp\ig-builds\smart.who.int.dak-pnc#0.9.9\input-cache\txcache. Clearing now (00:01.932 / 00:13.389, 253Mb)
Core Package hl7.fhir.r4.core#4.0.1
Signing Certificate: RSA key for Subject: OU=IG Publisher, L=Ann Arbor, CN=hl7.org, O=HL7, ST=Missouri, C=us from: OU=IG Publisher, L=Ann Arbor, CN=hl7.org, O=HL7, ST=Missouri, C=us
Running Terminology Log: C:\Users\Jose\AppData\Local\Temp\ohfu-fhir-ig-2743934083144635634.html
Connect to Terminology Server at http://tx.fhir.org                                                  (00:02.857 / 00:16.246, 281Mb)
[39mLoad Package hl7.fhir.pubpack#0.2.3
[0;39m[39mLoad Package hl7.fhir.xver-extensions#0.1.0
[0;39m[39mLoad Package hl7.terminology.r4#6.5.0
[0;39m[39mLoad Package hl7.fhir.uv.extensions.r4#5.2.0
[0;39m[39mLoad Package hl7.fhir.uv.extensions.r4#1.0.0
[0;39m[39mLoad Package hl7.terminology#5.5.0
[0;39m[39mLoad Package hl7.fhir.uv.extensions.r4#5.1.0
[0;39m[39mLoad Package hl7.fhir.uv.cql#1.0.0
[0;39m[39mLoad Package hl7.fhir.uv.crmi#1.0.0
[0;39mIgnore Dependency on Core FHIR hl7.fhir.r4.examples#4.0.1, from package 'hl7.fhir.uv.sdc#3.0.0'      (00:09.555 / 00:25.802, 620Mb)
[39mLoad Package hl7.fhir.uv.sdc#3.0.0
[0;39m[39mLoad Package smart.who.int.base#0.1.0
[0;39m[39mLoad Package hl7.fhir.uv.tools.r4#0.5.0
[0;39mLoad R5 Specials
Initialization complete                                                                              (00:02.135 / 00:27.937, 907Mb)
Load IG                                                                                              (00:00.001 / 00:27.938, 907Mb)
Load Content                                                                                         (00:00.002 / 00:27.940, 907Mb)
Using en-US as the default narrative language. (no language information in Implementation Guide)     (00:00.077 / 00:28.018, 912Mb)
Process Loaded Resources                                                                             (00:00.101 / 00:28.120, 916Mb)
Generating Snapshots                                                                                 (00:00.052 / 00:28.172, 922Mb)
loadPrePages from FetchedFile[C:\work\release\temp\ig-builds\smart.who.int.dak-pnc#0.9.9\fsh-generated\includes] as C:\work\release\temp\ig-builds\smart.who.int.dak-pnc#0.9.9\fsh-generated\includes
loadPrePages from FetchedFile[C:\work\release\temp\ig-builds\smart.who.int.dak-pnc#0.9.9\input\data] as C:\work\release\temp\ig-builds\smart.who.int.dak-pnc#0.9.9\input\data
loadPrePages from FetchedFile[C:\work\release\temp\ig-builds\smart.who.int.dak-pnc#0.9.9\input\pagecontent] as C:\work\release\temp\ig-builds\smart.who.int.dak-pnc#0.9.9\input\pagecontent
Fetch http://smart.who.int/dak-pnc/package-list.json for version check                               (00:00.106 / 00:28.278, 930Mb)
Processing Conformance Resources                                                                     (00:00.110 / 00:28.389, 930Mb)
Checking Language                                                                                    (00:00.001 / 00:28.390, 930Mb)
Load Dependency Info                                                                                 (00:00.000 / 00:28.390, 930Mb)
Load Info                                                                                            (00:00.001 / 00:28.392, 931Mb)
Load Paths                                                                                           (00:00.000 / 00:28.392, 932Mb)
Check R4 / R4B                                                                                       (00:00.000 / 00:28.393, 932Mb)
Assign Comparison Ids                                                                                (00:00.009 / 00:28.403, 933Mb)
Propagating status                                                                                   (00:00.003 / 00:28.406, 933Mb)
Generating Narratives                                                                                (00:00.000 / 00:28.407, 933Mb)
Validating Conformance Resources                                                                     (00:00.124 / 00:28.532, 948Mb)
Check profiles & code systems                                                                        (00:12.877 / 00:41.410, 1Gb)
Check realm rules                                                                                    (00:00.001 / 00:41.411, 1Gb)
Previous Version Comparison                                                                          (00:00.001 / 00:41.412, 1Gb)
Validating Resources                                                                                 (00:00.008 / 00:41.420, 1Gb)
Processing Provenance Records                                                                        (00:00.000 / 00:41.421, 1Gb)
Checking for Bundles to sign                                                                         (00:00.000 / 00:41.422, 1Gb)
Generating Outputs in C:\work\release\temp\ig-builds\smart.who.int.dak-pnc#0.9.9\output              (00:00.001 / 00:41.423, 1Gb)
Generate Native Outputs                                                                              (00:00.399 / 00:41.823, 1Gb)
Run Template                                                                                         (00:00.096 / 00:41.920, 1Gb)
Generate HTML Outputs                                                                                (00:01.752 / 00:43.672, 1Gb)
Generate Spreadsheets                                                                                (00:00.116 / 00:43.789, 1Gb)
Generate Summaries                                                                                   (00:00.001 / 00:43.790, 1Gb)
Generating Summary Outputs                                                                           (00:00.000 / 00:43.791, 1Gb)
DB Cumulative Time invested: 00:00:00.91
Sending Usage Stats to Server                                                                        (00:17.012 / 01:00.803, 1Gb)
## Memory (MB): Use = 1661, Free = 620, Total = 2282, Max = 4096                                     (00:00.003 / 01:00.807, 1Gb)
Reclaiming memory...                                                                                 (00:00.000 / 01:00.807, 1Gb)
## Memory (MB): Use = 866, Free = 1415, Total = 2282, Max = 4096                                     (00:00.163 / 01:00.971, 867Mb)
Run jekyll: jekyll build --destination "C:\work\release\temp\ig-builds\smart.who.int.dak-pnc#0.9.9\output" (in folder C:\work\release\temp\ig-builds\smart.who.int.dak-pnc#0.9.9\temp\pages) (00:00.002 / 01:00.974, 867Mb)
Due to a known issue, Jekyll errors are lost between Java and Ruby in windows systems.               (00:00.001 / 01:00.975, 867Mb)
If the build process hangs at this point, you have to go to a                                        (00:00.000 / 01:00.975, 867Mb)
command prompt, and then run these two commands:                                                     (00:00.000 / 01:00.976, 867Mb)
                                                                                                     (00:00.000 / 01:00.976, 867Mb)
cd C:\work\release\temp\ig-builds\smart.who.int.dak-pnc#0.9.9\temp\pages                             (00:00.000 / 01:00.977, 867Mb)
jekyll build --destination "C:\work\release\temp\ig-builds\smart.who.int.dak-pnc#0.9.9\output"       (00:00.001 / 01:00.978, 867Mb)
                                                                                                     (00:00.000 / 01:00.979, 867Mb)
and then investigate why Jekyll has failed                                                           (00:00.000 / 01:00.979, 867Mb)
Troubleshooting Note: usual cases for Jekyll to fail are:                                            (00:00.000 / 01:00.980, 868Mb)
* A failure to produce a fragment that is already logged in the output above                         (00:00.000 / 01:00.981, 868Mb)
* A reference to a manually edited file that hasn't been provided                                    (00:00.000 / 01:00.982, 868Mb)
Jekyll: Source: C:/work/release/temp/ig-builds/smart.who.int.dak-pnc#0.9.9/temp/pages                (00:02.637 / 01:03.619, 871Mb)
Jekyll: Generating...                                                                                (00:00.000 / 01:03.620, 871Mb)
Jekyll: done in 1.584 seconds.                                                                       (00:01.583 / 01:05.203, 871Mb)
[39m
[0;39m[39mInstalling smart.who.int.dak-pnc#0.9.9
[0;39mChecking Output HTML                                                                                 (00:00.688 / 01:05.892, 948Mb)
found 616 files                                                                                      (00:00.010 / 01:05.902, 949Mb)
.........................................
.........................................
  ... 616 html files, 0 pages invalid xhtml (0%)                                                     (00:00.818 / 01:06.721, 1Gb)
  ... 1737 links, 0 broken links (0%)                                                                (00:00.001 / 01:06.722, 1Gb)
Generate fragment-usage-analysis.csv                                                                 (00:00.000 / 01:06.723, 1Gb)
Build final .zip                                                                                     (00:00.009 / 01:06.732, 1Gb)
Final .zip built                                                                                     (00:00.965 / 01:07.697, 1Gb)
Built. Times: loading: 00:00.448, generate: 00:45.657, narrative generation: 00:00.123, validation: 00:12.876, realm-rules: 00:00.001, previous-version: 00:00.000, jekyll: 00:04.241, template: 00:01.766 (#3) (00:06.349 / 01:14.047, 1Gb)
Generating QA                                                                                        (00:00.001 / 01:14.048, 1Gb)
Validation output in C:\work\release\temp\ig-builds\smart.who.int.dak-pnc#0.9.9\output\qa.html
Errors: 2, Warnings: 7, Info: 0, Broken Links: 0 (00:00.079 / 01:14.127, 1Gb)
Finished @ 7/10/25, 10:48 PM. Max Memory Used = 1Gb. Log file saved in c:\temp\fhir-ig-publisher-tmp.log (00:00.010 / 01:14.138, 1Gb)
Prepare Build space in C:\work\release\temp\ig-builds\smart.who.int.dak-pnc#0.9.9-milestone
Sending usage stats failed: Connection timed out: connect
Build IG at C:\work\release\source: final copy suitable for publication (in C:\work\release\temp\ig-builds\smart.who.int.dak-pnc#0.9.9-milestone) (milestone build)
FHIR IG Publisher Version 2.0.8 (Git# e7d965b03a28). Built 2025-06-27T22:18:09.321Z (12 days old)   
Detected Java version: 17.0.7 from c:\work\jdk-17.0.7 on Windows 11/amd64 (64bit). 4096MB available 
dir = C:\work\release\webroot, path = C:\Python313\Scripts\;C:\Python313\;C:\Ruby32-x64\bin;C:\WINDOWS\system32;C:\WINDOWS;C:\WINDOWS\System32\Wbem;C:\WINDOWS\System32\WindowsPowerShell\v1.0\;C:\WINDOWS\System32\OpenSSH\;C:\Recovery\OEM\Backup\;c:\work\jdk-17.0.7\bin;C:\ProgramData\chocolatey\bin;C:\Program Files\VSCodium\bin;C:\Program Files\Git\cmd;C:\Program Files\maven\bin;C:\Program Files\Meld\;C:\WINDOWS\system32;C:\WINDOWS;C:\WINDOWS\System32\Wbem;C:\WINDOWS\System32\WindowsPowerShell\v1.0\;C:\WINDOWS\System32\OpenSSH\;C:\Users\Jose\AppData\Local\nvm;C:\nvm4w\nodejs;C:\Program Files\Docker\Docker\resources\bin;C:\Program Files\Go\bin;C:\Program Files\Git LFS;C:\Users\Jose\AppData\Local\Microsoft\WindowsApps;C:\Users\Jose\AppData\Local\GitHubDesktop\bin;C:\Users\Jose\AppData\Roaming\npm;C:\Program Files\7-Zip;C:\Users\Jose\AppData\Local\nvm;C:\nvm4w\nodejs;C:\Users\Jose\AppData\Local\Programs\Microsoft VS Code\bin;C:\Users\Jose\go\bin
Parameters: -ig C:\work\release\temp\ig-builds\smart.who.int.dak-pnc#0.9.9-milestone -publish http://smart.who.int/dak-pnc/v0.9.9 -milestone -no-exit
Character encoding = UTF-8 / UTF-8                                                                  
Start Clock @ quinta-feira, 10 de julho de 2025 às 22:48:26 Hora de verão da Europa Central (2025-07-10T22:48:26+02:00)
                                                                                                    
Build FHIR IG from C:\work\release\temp\ig-builds\smart.who.int.dak-pnc#0.9.9-milestone              (00:00.009 / 00:00.009, 1Gb)
Build Formal Publication package, intended for http://smart.who.int/dak-pnc/v0.9.9                   (00:00.000 / 00:00.010, 1Gb)
API keys loaded from C:\Users\Jose\.fhir\fhir-settings.json                                          (00:00.000 / 00:00.010, 1Gb)
Package Cache: C:\Users\Jose\.fhir\packages                                                          (00:00.000 / 00:00.011, 1Gb)
Run Sushi on C:\work\release\temp\ig-builds\smart.who.int.dak-pnc#0.9.9-milestone                    (00:00.005 / 00:00.016, 1Gb)
Sushi: info  Running SUSHI v3.16.3 (implements FHIR Shorthand specification v3.0.0)                  (00:00.789 / 00:00.805, 1Gb)
Sushi: info  Arguments:                                                                              (00:00.001 / 00:00.807, 1Gb)
Sushi: info    --require-latest                                                                      (00:00.001 / 00:00.808, 1Gb)
Sushi: info    --out C:\work\release\temp\ig-builds\smart.who.int.dak-pnc#0.9.9-milestone            (00:00.000 / 00:00.809, 1Gb)
Sushi: info    C:\work\release\temp\ig-builds\smart.who.int.dak-pnc#0.9.9-milestone                  (00:00.000 / 00:00.809, 1Gb)
Sushi: info  Using configuration file: C:\work\release\temp\ig-builds\smart.who.int.dak-pnc#0.9.9-milestone\sushi-config.yaml (00:01.428 / 00:02.238, 1Gb)
Sushi: info  Importing FSH text...                                                                   (00:00.078 / 00:02.316, 1Gb)
Sushi: info  Preprocessed 3 documents with 15 aliases.                                               (00:00.023 / 00:02.340, 1Gb)
Sushi: info  Imported 0 definitions and 0 instances.                                                 (00:00.000 / 00:02.341, 1Gb)
Sushi: info  Loaded virtual package sushi-r5forR4#1.0.0 with 7 resources                             (00:00.068 / 00:02.409, 1Gb)
Sushi: info  Resolved hl7.fhir.uv.tools.r4#latest to concrete version 0.5.0                          (00:00.387 / 00:02.797, 1Gb)
Sushi: info  Loaded hl7.fhir.uv.tools.r4#0.5.0 with 88 resources                                     (00:00.047 / 00:02.845, 1Gb)
Sushi: info  Resolved hl7.terminology.r4#latest to concrete version 6.5.0                            (00:00.095 / 00:02.940, 1Gb)
Sushi: info  Loaded hl7.terminology.r4#6.5.0 with 4392 resources                                     (00:01.497 / 00:04.438, 1Gb)
Sushi: info  Resolved hl7.fhir.uv.extensions.r4#latest to concrete version 5.2.0                     (00:00.093 / 00:04.531, 1Gb)
Sushi: info  Loaded hl7.fhir.uv.extensions.r4#5.2.0 with 759 resources                               (00:00.248 / 00:04.779, 1Gb)
Sushi: info  Loaded smart.who.int.base#0.1.0 with 17 resources                                       (00:00.014 / 00:04.793, 1Gb)
Sushi: info  Loaded hl7.fhir.r4.core#4.0.1 with 4578 resources                                       (00:01.180 / 00:05.973, 1Gb)
Sushi: info  Found 1 non-JSON / non-XML file(s) in directory: C:\work\release\temp\ig-builds\smart.who.int.dak-pnc#0.9.9-milestone\input\examples. Only resource files with JSON or XML extensions are supported. To see the skipped files in the logs, use debug logging. (00:00.014 / 00:05.987, 1Gb)
Sushi: info  Found 1 non-JSON / non-XML file(s) in directory: C:\work\release\temp\ig-builds\smart.who.int.dak-pnc#0.9.9-milestone\input\extensions. Only resource files with JSON or XML extensions are supported. To see the skipped files in the logs, use debug logging. (00:00.001 / 00:05.989, 1Gb)
Sushi: info  Found 1 non-JSON / non-XML file(s) in directory: C:\work\release\temp\ig-builds\smart.who.int.dak-pnc#0.9.9-milestone\input\models. Only resource files with JSON or XML extensions are supported. To see the skipped files in the logs, use debug logging. (00:00.001 / 00:05.991, 1Gb)
Sushi: info  Found 1 non-JSON / non-XML file(s) in directory: C:\work\release\temp\ig-builds\smart.who.int.dak-pnc#0.9.9-milestone\input\profiles. Only resource files with JSON or XML extensions are supported. To see the skipped files in the logs, use debug logging. (00:00.001 / 00:05.992, 1Gb)
Sushi: info  Found 1 non-JSON / non-XML file(s) in directory: C:\work\release\temp\ig-builds\smart.who.int.dak-pnc#0.9.9-milestone\input\resources. Only resource files with JSON or XML extensions are supported. To see the skipped files in the logs, use debug logging. (00:00.001 / 00:05.993, 1Gb)
Sushi: info  Found 1 non-JSON / non-XML file(s) in directory: C:\work\release\temp\ig-builds\smart.who.int.dak-pnc#0.9.9-milestone\input\vocabulary. Only resource files with JSON or XML extensions are supported. To see the skipped files in the logs, use debug logging. (00:00.001 / 00:05.995, 1Gb)
Sushi: info  Loaded virtual package sushi-local#LOCAL with 0 resources                               (00:00.001 / 00:05.996, 1Gb)
Sushi: info  Converting FSH to FHIR resources...                                                     (00:00.006 / 00:06.003, 1Gb)
Sushi: info  Exporting FHIR resources as JSON...                                                     (00:00.004 / 00:06.007, 1Gb)
Sushi: info  Exported 0 FHIR resources as JSON.                                                      (00:00.000 / 00:06.008, 1Gb)
Sushi: info  Assembling Implementation Guide sources...                                              (00:00.001 / 00:06.010, 1Gb)
Sushi: info  Generated ImplementationGuide-smart.who.int.dak-pnc.json                                (00:00.027 / 00:06.037, 1Gb)
Sushi: info  Assembled Implementation Guide sources; ready for IG Publisher.                         (00:00.001 / 00:06.038, 1Gb)
Sushi: ========================= SUSHI RESULTS ===========================                           (00:00.000 / 00:06.039, 1Gb)
Sushi: |  -------------------------------------------------------------  |                           (00:00.001 / 00:06.040, 1Gb)
Sushi: | |    Profiles   |  Extensions  |   Logicals   |   Resources   | |                           (00:00.000 / 00:06.041, 1Gb)
Sushi: | |-------------------------------------------------------------| |                           (00:00.000 / 00:06.041, 1Gb)
Sushi: | |       0       |      0       |      0       |       0       | |                           (00:00.000 / 00:06.042, 1Gb)
Sushi: |  -------------------------------------------------------------  |                           (00:00.000 / 00:06.042, 1Gb)
Sushi: |  -------------------------------------------------------------  |                           (00:00.000 / 00:06.043, 1Gb)
Sushi: | |      ValueSets     |    CodeSystems    |     Instances      | |                           (00:00.000 / 00:06.043, 1Gb)
Sushi: | |-------------------------------------------------------------| |                           (00:00.000 / 00:06.044, 1Gb)
Sushi: | |         0          |         0         |         0          | |                           (00:00.000 / 00:06.045, 1Gb)
Sushi: |  -------------------------------------------------------------  |                           (00:00.000 / 00:06.045, 1Gb)
Sushi: |                                                                 |                           (00:00.000 / 00:06.046, 1Gb)
Sushi: ===================================================================                           (00:00.001 / 00:06.047, 1Gb)
Sushi: | You're making waves now!               0 Errors      0 Warnings |                           (00:00.000 / 00:06.048, 1Gb)
Sushi: ===================================================================                           (00:00.000 / 00:06.048, 1Gb)
Unable to load IG as an r5 IG - try R4 (property code is a class com.google.gson.JsonPrimitive looking for an object) (00:00.015 / 00:06.064, 1Gb)
Load Template from who.template.root#current                                                         (00:00.100 / 00:06.165, 1Gb)
 Load Template from fhir.base.template#current                                                       (00:01.353 / 00:07.518, 1Gb)
Root directory: C:\work\release\temp\ig-builds\smart.who.int.dak-pnc#0.9.9-milestone                 (00:02.355 / 00:09.874, 1Gb)
Terminology Cache is at C:\work\release\temp\ig-builds\smart.who.int.dak-pnc#0.9.9-milestone\input-cache\txcache. 4 files in cache (00:01.828 / 00:11.702, 1Gb)
Core Package hl7.fhir.r4.core#4.0.1
Signing Certificate: RSA key for Subject: OU=IG Publisher, L=Ann Arbor, CN=hl7.org, O=HL7, ST=Missouri, C=us from: OU=IG Publisher, L=Ann Arbor, CN=hl7.org, O=HL7, ST=Missouri, C=us
Running Terminology Log: C:\Users\Jose\AppData\Local\Temp\ohfu-fhir-ig-17637637453992161468.html
Connect to Terminology Server at http://tx.fhir.org                                                  (00:01.324 / 00:13.026, 1Gb)
[39mLoad Package hl7.fhir.pubpack#0.2.3
[0;39m[39mLoad Package hl7.fhir.xver-extensions#0.1.0
[0;39m[39mLoad Package hl7.terminology.r4#6.5.0
[0;39m[39mLoad Package hl7.fhir.uv.extensions.r4#5.2.0
[0;39m[39mLoad Package hl7.fhir.uv.extensions.r4#1.0.0
[0;39m[39mLoad Package hl7.terminology#5.5.0
[0;39m[39mLoad Package hl7.fhir.uv.extensions.r4#5.1.0
[0;39m[39mLoad Package hl7.fhir.uv.cql#1.0.0
[0;39m[39mLoad Package hl7.fhir.uv.crmi#1.0.0
[0;39mIgnore Dependency on Core FHIR hl7.fhir.r4.examples#4.0.1, from package 'hl7.fhir.uv.sdc#3.0.0'      (00:06.495 / 00:19.522, 1Gb)
[39mLoad Package hl7.fhir.uv.sdc#3.0.0
[0;39m[39mLoad Package smart.who.int.base#0.1.0
[0;39m[39mLoad Package hl7.fhir.uv.tools.r4#0.5.0
[0;39mLoad R5 Specials
Initialization complete                                                                              (00:01.539 / 00:21.062, 1Gb)
Load IG                                                                                              (00:00.000 / 00:21.063, 1Gb)
Load Content                                                                                         (00:00.001 / 00:21.064, 1Gb)
Using en-US as the default narrative language. (no language information in Implementation Guide)     (00:00.008 / 00:21.073, 1Gb)
Process Loaded Resources                                                                             (00:00.029 / 00:21.103, 1Gb)
Generating Snapshots                                                                                 (00:00.009 / 00:21.113, 1Gb)
loadPrePages from FetchedFile[C:\work\release\temp\ig-builds\smart.who.int.dak-pnc#0.9.9-milestone\fsh-generated\includes] as C:\work\release\temp\ig-builds\smart.who.int.dak-pnc#0.9.9-milestone\fsh-generated\includes
loadPrePages from FetchedFile[C:\work\release\temp\ig-builds\smart.who.int.dak-pnc#0.9.9-milestone\input\data] as C:\work\release\temp\ig-builds\smart.who.int.dak-pnc#0.9.9-milestone\input\data
loadPrePages from FetchedFile[C:\work\release\temp\ig-builds\smart.who.int.dak-pnc#0.9.9-milestone\input\pagecontent] as C:\work\release\temp\ig-builds\smart.who.int.dak-pnc#0.9.9-milestone\input\pagecontent
Fetch http://smart.who.int/dak-pnc/package-list.json for version check                               (00:00.063 / 00:21.176, 1Gb)
Processing Conformance Resources                                                                     (00:00.192 / 00:21.369, 1Gb)
Checking Language                                                                                    (00:00.000 / 00:21.370, 1Gb)
Load Dependency Info                                                                                 (00:00.000 / 00:21.371, 1Gb)
Load Info                                                                                            (00:00.000 / 00:21.371, 1Gb)
Load Paths                                                                                           (00:00.000 / 00:21.372, 1Gb)
Check R4 / R4B                                                                                       (00:00.000 / 00:21.373, 1Gb)
Assign Comparison Ids                                                                                (00:00.002 / 00:21.375, 1Gb)
Propagating status                                                                                   (00:00.000 / 00:21.376, 1Gb)
Generating Narratives                                                                                (00:00.000 / 00:21.377, 1Gb)
Validating Conformance Resources                                                                     (00:00.018 / 00:21.396, 1Gb)
Check profiles & code systems                                                                        (00:11.108 / 00:32.505, 1Gb)
Check realm rules                                                                                    (00:00.000 / 00:32.506, 1Gb)
Previous Version Comparison                                                                          (00:00.001 / 00:32.507, 1Gb)
Validating Resources                                                                                 (00:00.003 / 00:32.510, 1Gb)
Processing Provenance Records                                                                        (00:00.000 / 00:32.511, 1Gb)
Checking for Bundles to sign                                                                         (00:00.000 / 00:32.512, 1Gb)
Generating Outputs in C:\work\release\temp\ig-builds\smart.who.int.dak-pnc#0.9.9-milestone\output    (00:00.000 / 00:32.512, 1Gb)
Generate Native Outputs                                                                              (00:00.414 / 00:32.927, 1Gb)
Run Template                                                                                         (00:00.080 / 00:33.007, 1Gb)
Generate HTML Outputs                                                                                (00:01.498 / 00:34.506, 1Gb)
Generate Spreadsheets                                                                                (00:00.073 / 00:34.579, 1Gb)
Generate Summaries                                                                                   (00:00.001 / 00:34.580, 1Gb)
Generating Summary Outputs                                                                           (00:00.000 / 00:34.581, 1Gb)
DB Cumulative Time invested: 00:00:00.87
Sending Usage Stats to Server                                                                        (00:15.735 / 00:50.316, 1Gb)
## Memory (MB): Use = 2004, Free = 351, Total = 2356, Max = 4096                                     (00:00.000 / 00:50.317, 1Gb)
Reclaiming memory...                                                                                 (00:00.000 / 00:50.318, 1Gb)
## Memory (MB): Use = 868, Free = 1487, Total = 2356, Max = 4096                                     (00:00.166 / 00:50.485, 869Mb)
Run jekyll: jekyll build --destination "C:\work\release\temp\ig-builds\smart.who.int.dak-pnc#0.9.9-milestone\output" (in folder C:\work\release\temp\ig-builds\smart.who.int.dak-pnc#0.9.9-milestone\temp\pages) (00:00.002 / 00:50.487, 869Mb)
Due to a known issue, Jekyll errors are lost between Java and Ruby in windows systems.               (00:00.001 / 00:50.489, 869Mb)
If the build process hangs at this point, you have to go to a                                        (00:00.000 / 00:50.490, 869Mb)
command prompt, and then run these two commands:                                                     (00:00.000 / 00:50.490, 869Mb)
                                                                                                     (00:00.001 / 00:50.492, 869Mb)
cd C:\work\release\temp\ig-builds\smart.who.int.dak-pnc#0.9.9-milestone\temp\pages                   (00:00.000 / 00:50.492, 869Mb)
jekyll build --destination "C:\work\release\temp\ig-builds\smart.who.int.dak-pnc#0.9.9-milestone\output" (00:00.000 / 00:50.493, 869Mb)
                                                                                                     (00:00.000 / 00:50.494, 869Mb)
and then investigate why Jekyll has failed                                                           (00:00.000 / 00:50.495, 869Mb)
Troubleshooting Note: usual cases for Jekyll to fail are:                                            (00:00.000 / 00:50.495, 869Mb)
* A failure to produce a fragment that is already logged in the output above                         (00:00.000 / 00:50.496, 869Mb)
* A reference to a manually edited file that hasn't been provided                                    (00:00.000 / 00:50.497, 869Mb)
Jekyll: Source: C:/work/release/temp/ig-builds/smart.who.int.dak-pnc#0.9.9-milestone/temp/pages      (00:02.624 / 00:53.121, 871Mb)
Jekyll: Generating...                                                                                (00:00.001 / 00:53.122, 871Mb)
Jekyll: done in 1.49 seconds.                                                                        (00:01.487 / 00:54.609, 871Mb)
[39m
[0;39m[39mInstalling smart.who.int.dak-pnc#0.9.9
[0;39mChecking Output HTML                                                                                 (00:00.235 / 00:54.844, 880Mb)
found 616 files                                                                                      (00:00.011 / 00:54.856, 881Mb)
.........................................
.........................................
  ... 616 html files, 0 pages invalid xhtml (0%)                                                     (00:00.580 / 00:55.437, 1Gb)
  ... 1737 links, 0 broken links (0%)                                                                (00:00.000 / 00:55.437, 1Gb)
Generate fragment-usage-analysis.csv                                                                 (00:00.000 / 00:55.438, 1Gb)
Build final .zip                                                                                     (00:00.004 / 00:55.442, 1Gb)
Final .zip built                                                                                     (00:00.949 / 00:56.392, 1Gb)
Built. Times: loading: 00:00.305, generate: 00:41.172, narrative generation: 00:00.018, validation: 00:11.106, realm-rules: 00:00.001, previous-version: 00:00.000, jekyll: 00:04.134, template: 00:01.510 (#3) (00:06.149 / 01:02.542, 960Mb)
Generating QA                                                                                        (00:00.001 / 01:02.543, 960Mb)
Validation output in C:\work\release\temp\ig-builds\smart.who.int.dak-pnc#0.9.9-milestone\output\qa.html
Errors: 2, Warnings: 7, Info: 0, Broken Links: 0 (00:00.031 / 01:02.574, 965Mb)
Finished @ 7/10/25, 10:49 PM. Max Memory Used = 1Gb. Log file saved in c:\temp\fhir-ig-publisher-tmp.log (00:00.002 / 01:02.577, 965Mb)
Keep a copy of the build directory at C:\work\release\temp\web-root\run-20250710\ig-build-zips\smart.who.int.dak-pnc#0.9.9.zip

ok. All checks passed. Publish v0.9.9 to C:\work\release\temp\web-root\run-20250710\dak-pnc\v0.9.9
Copy the IG to C:\work\release\temp\web-root\run-20250710\dak-pnc\v0.9.9
Update C:\work\release\temp\web-root\run-20250710\dak-pnc\package-list.json
Publish Box Statement: This page is part of the SMART DAK PNC (v0.9.9: Release) based on <a data-no-external="true" href="http://hl7.org/fhir/R4">FHIR (HL7® FHIR® Standard) R4</a>. This is the current published version in its permanent home (it will always be available at this URL).  For a full list of available versions, see the <a data-no-external="true" href="http://smart.who.int/dak-pnc/history.html">Directory of published versions</a>
  .. 34 files checked, 34 updated
  .. 5 clones checked, 10 updated
  .. 1 redirections (1 created/updated)
This is a milestone release - publish v0.9.9 to C:\work\release\temp\web-root\run-20250710\dak-pnc
Publish Box Statement: This page is part of the SMART DAK PNC (v0.9.9: Release) based on <a data-no-external="true" href="http://hl7.org/fhir/R4">FHIR (HL7® FHIR® Standard) R4</a>. This is the current published version.  For a full list of available versions, see the <a data-no-external="true" href="http://smart.who.int/dak-pnc/history.html">Directory of published versions</a>
  .. 34 files checked, 34 updated
  .. 5 clones checked, 10 updated
  .. 1 redirections (1 created/updated)
Check for Files to delete
  ... 0 files
Copy to new IG C:\work\release\temp\web-root\run-20250710\dak-pnc
[Fatal Error] :1:1: Content is not allowed in prolog.
Unable to process RSS feed C:\work\release\temp\web-root\run-20250710\publication-feed.xml as XML - processing as text instead (Content is not allowed in prolog.)
smart.who.int.dak-pnc (http://smart.who.int/dak-pnc): SMART DAK PNC @ http://worldhealthorganization.github.io/smart-dak-pnc
  release: Releases 0.9.9/4.0.1 @ http://smart.who.int/dak-pnc/v0.9.9
Build is complete. Copy from C:\work\release\temp\web-root\run-20250710
Update history page at C:\work\release\temp\web-root\run-20250710\dak-pnc from C:\work\release\history-template and C:\work\release\webroot\templates
